<html>
<head>
<title>TestNG:  Command line test</title>
<link href="../testng.css" rel="stylesheet" type="text/css" />
<link href="../my-testng.css" rel="stylesheet" type="text/css" />

<style type="text/css">
.log { display: none;} 
.stack-trace { display: none;} 
</style>
<script type="text/javascript">
<!--
function flip(e) {
  current = e.style.display;
  if (current == 'block') {
    e.style.display = 'none';
    return 0;
  }
  else {
    e.style.display = 'block';
    return 1;
  }
}

function toggleBox(szDivId, elem, msg1, msg2)
{
  var res = -1;  if (document.getElementById) {
    res = flip(document.getElementById(szDivId));
  }
  else if (document.all) {
    // this is the way old msie versions work
    res = flip(document.all[szDivId]);
  }
  if(elem) {
    if(res == 0) elem.innerHTML = msg1; else elem.innerHTML = msg2;
  }

}

function toggleAllBoxes() {
  if (document.getElementsByTagName) {
    d = document.getElementsByTagName('div');
    for (i = 0; i < d.length; i++) {
      if (d[i].className == 'log') {
        flip(d[i]);
      }
    }
  }
}

// -->
</script>

</head>
<body>
<h2 align='center'>Command line test</h2><table border='1' align="center">
<tr>
<td>Tests passed/Failed/Skipped:</td><td>4/6/0</td>
</tr><tr>
<td>Started on:</td><td>Fri Aug 06 20:53:51 BRT 2010</td>
</tr>
<tr><td>Total time:</td><td>90 seconds (90734 ms)</td>
</tr><tr>
<td>Included groups:</td><td></td>
</tr><tr>
<td>Excluded groups:</td><td></td>
</tr>
</table><p/>
<small><i>(Hover the method name to see the test class name)</i></small><p/>
<table width='100%' border='1' class='invocation-failed'>
<tr><td colspan='4' align='center'><b>FAILED TESTS</b></td></tr>
<tr><td><b>Test method</b></td>
<td><b>Instance</b></td>
<td width="10%"><b>Time (seconds)</b></td>
<td width="30%"><b>Exception</b></td>
</tr>
<tr>
<td title='com.github.srec.play.PlayerTest.test()'><b>test</b><br>Test class:Command line test</td>
<td>com.github.srec.play.PlayerTest@6c4fc156</td><td>15</td>
<td><div><pre>java.lang.AssertionError: expected:&lt;0&gt; but was:&lt;1&gt;
	at com.github.srec.testng.AbstractSRecTestNGTest.runTest(AbstractSRecTestNGTest.java:60)
	at com.github.srec.testng.AbstractSRecTestNGTest.runTest(AbstractSRecTestNGTest.java:95)
	at com.github.srec.play.PlayerTest.test(PlayerTest.java:19)
	at org.apache.maven.surefire.testng.TestNGExecutor.run(TestNGExecutor.java:62)
	at org.apache.maven.surefire.testng.TestNGDirectoryTestSuite.execute(TestNGDirectoryTestSuite.java:141)
	at org.apache.maven.surefire.Surefire.run(Surefire.java:180)
	at org.apache.maven.surefire.booter.SurefireBooter.runSuitesInProcess(SurefireBooter.java:350)
	at org.apache.maven.surefire.booter.SurefireBooter.main(SurefireBooter.java:1021)
... Removed 29 stack frames</pre></div><a href='#' onClick='toggleBox("stack-trace1743223201", this, "Click to show all stack frames", "Click to hide stack frames")'>Click to show all stack frames</a>
<div class='stack-trace' id='stack-trace1743223201'><pre>java.lang.AssertionError: expected:&lt;0&gt; but was:&lt;1&gt;
	at org.testng.Assert.fail(Assert.java:87)
	at org.testng.Assert.failNotEquals(Assert.java:441)
	at org.testng.Assert.assertEquals(Assert.java:111)
	at org.testng.Assert.assertEquals(Assert.java:326)
	at org.testng.Assert.assertEquals(Assert.java:336)
	at com.github.srec.testng.AbstractSRecTestNGTest.runTest(AbstractSRecTestNGTest.java:60)
	at com.github.srec.testng.AbstractSRecTestNGTest.runTest(AbstractSRecTestNGTest.java:95)
	at com.github.srec.play.PlayerTest.test(PlayerTest.java:19)
	at sun.reflect.NativeMethodAccessorImpl.invoke0(Native Method)
	at sun.reflect.NativeMethodAccessorImpl.invoke(NativeMethodAccessorImpl.java:39)
	at sun.reflect.DelegatingMethodAccessorImpl.invoke(DelegatingMethodAccessorImpl.java:25)
	at java.lang.reflect.Method.invoke(Method.java:597)
	at org.testng.internal.MethodHelper.invokeMethod(MethodHelper.java:644)
	at org.testng.internal.Invoker.invokeMethod(Invoker.java:546)
	at org.testng.internal.Invoker.invokeTestMethod(Invoker.java:700)
	at org.testng.internal.Invoker.invokeTestMethods(Invoker.java:1002)
	at org.testng.internal.TestMethodWorker.invokeTestMethods(TestMethodWorker.java:137)
	at org.testng.internal.TestMethodWorker.run(TestMethodWorker.java:121)
	at org.testng.TestRunner.runWorkers(TestRunner.java:909)
	at org.testng.TestRunner.privateRun(TestRunner.java:618)
	at org.testng.TestRunner.run(TestRunner.java:499)
	at org.testng.SuiteRunner.runTest(SuiteRunner.java:332)
	at org.testng.SuiteRunner.runSequentially(SuiteRunner.java:327)
	at org.testng.SuiteRunner.privateRun(SuiteRunner.java:299)
	at org.testng.SuiteRunner.run(SuiteRunner.java:204)
	at org.testng.TestNG.createAndRunSuiteRunners(TestNG.java:915)
	at org.testng.TestNG.runSuitesLocally(TestNG.java:879)
	at org.testng.TestNG.run(TestNG.java:787)
	at org.apache.maven.surefire.testng.TestNGExecutor.run(TestNGExecutor.java:62)
	at org.apache.maven.surefire.testng.TestNGDirectoryTestSuite.execute(TestNGDirectoryTestSuite.java:141)
	at org.apache.maven.surefire.Surefire.run(Surefire.java:180)
	at sun.reflect.NativeMethodAccessorImpl.invoke0(Native Method)
	at sun.reflect.NativeMethodAccessorImpl.invoke(NativeMethodAccessorImpl.java:39)
	at sun.reflect.DelegatingMethodAccessorImpl.invoke(DelegatingMethodAccessorImpl.java:25)
	at java.lang.reflect.Method.invoke(Method.java:597)
	at org.apache.maven.surefire.booter.SurefireBooter.runSuitesInProcess(SurefireBooter.java:350)
	at org.apache.maven.surefire.booter.SurefireBooter.main(SurefireBooter.java:1021)
</pre></div></td>
</tr>
<tr>
<td title='com.github.srec.play.PlayerTest.testError()'><b>testError</b><br>Test class:Command line test</td>
<td>com.github.srec.play.PlayerTest@6c4fc156</td><td>48</td>
<td><div><pre>java.lang.AssertionError: expected:&lt;19&gt; but was:&lt;18&gt;
	at com.github.srec.play.PlayerTest.testError(PlayerTest.java:26)
	at org.apache.maven.surefire.testng.TestNGExecutor.run(TestNGExecutor.java:62)
	at org.apache.maven.surefire.testng.TestNGDirectoryTestSuite.execute(TestNGDirectoryTestSuite.java:141)
	at org.apache.maven.surefire.Surefire.run(Surefire.java:180)
	at org.apache.maven.surefire.booter.SurefireBooter.runSuitesInProcess(SurefireBooter.java:350)
	at org.apache.maven.surefire.booter.SurefireBooter.main(SurefireBooter.java:1021)
... Removed 29 stack frames</pre></div><a href='#' onClick='toggleBox("stack-trace1270144924", this, "Click to show all stack frames", "Click to hide stack frames")'>Click to show all stack frames</a>
<div class='stack-trace' id='stack-trace1270144924'><pre>java.lang.AssertionError: expected:&lt;19&gt; but was:&lt;18&gt;
	at org.testng.Assert.fail(Assert.java:87)
	at org.testng.Assert.failNotEquals(Assert.java:441)
	at org.testng.Assert.assertEquals(Assert.java:111)
	at org.testng.Assert.assertEquals(Assert.java:326)
	at org.testng.Assert.assertEquals(Assert.java:336)
	at com.github.srec.play.PlayerTest.testError(PlayerTest.java:26)
	at sun.reflect.NativeMethodAccessorImpl.invoke0(Native Method)
	at sun.reflect.NativeMethodAccessorImpl.invoke(NativeMethodAccessorImpl.java:39)
	at sun.reflect.DelegatingMethodAccessorImpl.invoke(DelegatingMethodAccessorImpl.java:25)
	at java.lang.reflect.Method.invoke(Method.java:597)
	at org.testng.internal.MethodHelper.invokeMethod(MethodHelper.java:644)
	at org.testng.internal.Invoker.invokeMethod(Invoker.java:546)
	at org.testng.internal.Invoker.invokeTestMethod(Invoker.java:700)
	at org.testng.internal.Invoker.invokeTestMethods(Invoker.java:1002)
	at org.testng.internal.TestMethodWorker.invokeTestMethods(TestMethodWorker.java:137)
	at org.testng.internal.TestMethodWorker.run(TestMethodWorker.java:121)
	at org.testng.TestRunner.runWorkers(TestRunner.java:909)
	at org.testng.TestRunner.privateRun(TestRunner.java:618)
	at org.testng.TestRunner.run(TestRunner.java:499)
	at org.testng.SuiteRunner.runTest(SuiteRunner.java:332)
	at org.testng.SuiteRunner.runSequentially(SuiteRunner.java:327)
	at org.testng.SuiteRunner.privateRun(SuiteRunner.java:299)
	at org.testng.SuiteRunner.run(SuiteRunner.java:204)
	at org.testng.TestNG.createAndRunSuiteRunners(TestNG.java:915)
	at org.testng.TestNG.runSuitesLocally(TestNG.java:879)
	at org.testng.TestNG.run(TestNG.java:787)
	at org.apache.maven.surefire.testng.TestNGExecutor.run(TestNGExecutor.java:62)
	at org.apache.maven.surefire.testng.TestNGDirectoryTestSuite.execute(TestNGDirectoryTestSuite.java:141)
	at org.apache.maven.surefire.Surefire.run(Surefire.java:180)
	at sun.reflect.NativeMethodAccessorImpl.invoke0(Native Method)
	at sun.reflect.NativeMethodAccessorImpl.invoke(NativeMethodAccessorImpl.java:39)
	at sun.reflect.DelegatingMethodAccessorImpl.invoke(DelegatingMethodAccessorImpl.java:25)
	at java.lang.reflect.Method.invoke(Method.java:597)
	at org.apache.maven.surefire.booter.SurefireBooter.runSuitesInProcess(SurefireBooter.java:350)
	at org.apache.maven.surefire.booter.SurefireBooter.main(SurefireBooter.java:1021)
</pre></div></td>
</tr>
<tr>
<td title='com.github.srec.play.PlayerTest.testIf()'><b>testIf</b><br>Test class:Command line test</td>
<td>com.github.srec.play.PlayerTest@6c4fc156</td><td>4</td>
<td><div><pre>com.github.srec.UnsupportedFeatureException: org.netbeans.jemmy.JemmyException: Exception in Mouse click to get focus
	at com.github.srec.command.jemmy.JemmyEventCommand.internalCallMethod(JemmyEventCommand.java:32)
	at com.github.srec.command.method.MethodCommand.callMethod(MethodCommand.java:80)
	at com.github.srec.command.method.MethodCallCommand.getValue(MethodCallCommand.java:35)
	at com.github.srec.command.method.MethodCallCommand.run(MethodCallCommand.java:27)
	at com.github.srec.command.base.IfCommand.run(IfCommand.java:52)
	at com.github.srec.play.Player.play(Player.java:156)
	at com.github.srec.command.method.MethodScriptCommand.internalCallMethod(MethodScriptCommand.java:52)
	at com.github.srec.command.method.MethodCommand.callMethod(MethodCommand.java:80)
	at com.github.srec.command.method.MethodCallCommand.getValue(MethodCallCommand.java:35)
	at com.github.srec.command.method.MethodCallCommand.run(MethodCallCommand.java:27)
	at com.github.srec.command.base.IfCommand.run(IfCommand.java:52)
	at com.github.srec.play.Player.play(Player.java:156)
	at com.github.srec.play.Player.play(Player.java:145)
	at com.github.srec.play.Player.play(Player.java:119)
	at com.github.srec.play.Player.play(Player.java:85)
	at com.github.srec.testng.AbstractSRecTestNGTest.runTest(AbstractSRecTestNGTest.java:55)
	at com.github.srec.testng.AbstractSRecTestNGTest.runTest(AbstractSRecTestNGTest.java:95)
	at com.github.srec.play.PlayerTest.testIf(PlayerTest.java:39)
	at org.apache.maven.surefire.testng.TestNGExecutor.run(TestNGExecutor.java:62)
	at org.apache.maven.surefire.testng.TestNGDirectoryTestSuite.execute(TestNGDirectoryTestSuite.java:141)
	at org.apache.maven.surefire.Surefire.run(Surefire.java:180)
	at org.apache.maven.surefire.booter.SurefireBooter.runSuitesInProcess(SurefireBooter.java:350)
	at org.apache.maven.surefire.booter.SurefireBooter.main(SurefireBooter.java:1021)
Caused by: org.netbeans.jemmy.JemmyException: Exception in Mouse click to get focus
	at org.netbeans.jemmy.QueueTool.invokeAndWait(QueueTool.java:428)
	at org.netbeans.jemmy.QueueTool.invokeSmoothly(QueueTool.java:358)
	at org.netbeans.jemmy.drivers.focus.MouseFocusDriver.giveFocus(MouseFocusDriver.java:74)
	at org.netbeans.jemmy.drivers.text.TextKeyboardDriver.changeCaretPosition(TextKeyboardDriver.java:75)
	at org.netbeans.jemmy.drivers.text.TextKeyboardDriver.typeText(TextKeyboardDriver.java:101)
	at org.netbeans.jemmy.operators.JTextComponentOperator$4.launch(JTextComponentOperator.java:532)
	at org.netbeans.jemmy.ActionProducer.launchAction(ActionProducer.java:336)
	at org.netbeans.jemmy.ActionProducer.run(ActionProducer.java:295)
... Removed 24 stack frames</pre></div><a href='#' onClick='toggleBox("stack-trace1119620794", this, "Click to show all stack frames", "Click to hide stack frames")'>Click to show all stack frames</a>
<div class='stack-trace' id='stack-trace1119620794'><pre>com.github.srec.UnsupportedFeatureException: org.netbeans.jemmy.JemmyException: Exception in Mouse click to get focus
	at com.github.srec.command.jemmy.JemmyEventCommand.internalCallMethod(JemmyEventCommand.java:32)
	at com.github.srec.command.method.MethodCommand.callMethod(MethodCommand.java:80)
	at com.github.srec.command.method.MethodCallCommand.getValue(MethodCallCommand.java:35)
	at com.github.srec.command.method.MethodCallCommand.run(MethodCallCommand.java:27)
	at com.github.srec.command.base.IfCommand.run(IfCommand.java:52)
	at com.github.srec.play.Player.play(Player.java:156)
	at com.github.srec.command.method.MethodScriptCommand.internalCallMethod(MethodScriptCommand.java:52)
	at com.github.srec.command.method.MethodCommand.callMethod(MethodCommand.java:80)
	at com.github.srec.command.method.MethodCallCommand.getValue(MethodCallCommand.java:35)
	at com.github.srec.command.method.MethodCallCommand.run(MethodCallCommand.java:27)
	at com.github.srec.command.base.IfCommand.run(IfCommand.java:52)
	at com.github.srec.play.Player.play(Player.java:156)
	at com.github.srec.play.Player.play(Player.java:145)
	at com.github.srec.play.Player.play(Player.java:119)
	at com.github.srec.play.Player.play(Player.java:85)
	at com.github.srec.testng.AbstractSRecTestNGTest.runTest(AbstractSRecTestNGTest.java:55)
	at com.github.srec.testng.AbstractSRecTestNGTest.runTest(AbstractSRecTestNGTest.java:95)
	at com.github.srec.play.PlayerTest.testIf(PlayerTest.java:39)
	at sun.reflect.NativeMethodAccessorImpl.invoke0(Native Method)
	at sun.reflect.NativeMethodAccessorImpl.invoke(NativeMethodAccessorImpl.java:39)
	at sun.reflect.DelegatingMethodAccessorImpl.invoke(DelegatingMethodAccessorImpl.java:25)
	at java.lang.reflect.Method.invoke(Method.java:597)
	at org.testng.internal.MethodHelper.invokeMethod(MethodHelper.java:644)
	at org.testng.internal.Invoker.invokeMethod(Invoker.java:546)
	at org.testng.internal.Invoker.invokeTestMethod(Invoker.java:700)
	at org.testng.internal.Invoker.invokeTestMethods(Invoker.java:1002)
	at org.testng.internal.TestMethodWorker.invokeTestMethods(TestMethodWorker.java:137)
	at org.testng.internal.TestMethodWorker.run(TestMethodWorker.java:121)
	at org.testng.TestRunner.runWorkers(TestRunner.java:909)
	at org.testng.TestRunner.privateRun(TestRunner.java:618)
	at org.testng.TestRunner.run(TestRunner.java:499)
	at org.testng.SuiteRunner.runTest(SuiteRunner.java:332)
	at org.testng.SuiteRunner.runSequentially(SuiteRunner.java:327)
	at org.testng.SuiteRunner.privateRun(SuiteRunner.java:299)
	at org.testng.SuiteRunner.run(SuiteRunner.java:204)
	at org.testng.TestNG.createAndRunSuiteRunners(TestNG.java:915)
	at org.testng.TestNG.runSuitesLocally(TestNG.java:879)
	at org.testng.TestNG.run(TestNG.java:787)
	at org.apache.maven.surefire.testng.TestNGExecutor.run(TestNGExecutor.java:62)
	at org.apache.maven.surefire.testng.TestNGDirectoryTestSuite.execute(TestNGDirectoryTestSuite.java:141)
	at org.apache.maven.surefire.Surefire.run(Surefire.java:180)
	at sun.reflect.NativeMethodAccessorImpl.invoke0(Native Method)
	at sun.reflect.NativeMethodAccessorImpl.invoke(NativeMethodAccessorImpl.java:39)
	at sun.reflect.DelegatingMethodAccessorImpl.invoke(DelegatingMethodAccessorImpl.java:25)
	at java.lang.reflect.Method.invoke(Method.java:597)
	at org.apache.maven.surefire.booter.SurefireBooter.runSuitesInProcess(SurefireBooter.java:350)
	at org.apache.maven.surefire.booter.SurefireBooter.main(SurefireBooter.java:1021)
Caused by: org.netbeans.jemmy.JemmyException: Exception in Mouse click to get focus
	at org.netbeans.jemmy.QueueTool.invokeAndWait(QueueTool.java:428)
	at org.netbeans.jemmy.QueueTool.invokeSmoothly(QueueTool.java:358)
	at org.netbeans.jemmy.drivers.focus.MouseFocusDriver.giveFocus(MouseFocusDriver.java:74)
	at org.netbeans.jemmy.drivers.text.TextKeyboardDriver.changeCaretPosition(TextKeyboardDriver.java:75)
	at org.netbeans.jemmy.drivers.text.TextKeyboardDriver.typeText(TextKeyboardDriver.java:101)
	at org.netbeans.jemmy.operators.JTextComponentOperator$4.launch(JTextComponentOperator.java:532)
	at org.netbeans.jemmy.ActionProducer.launchAction(ActionProducer.java:336)
	at org.netbeans.jemmy.ActionProducer.run(ActionProducer.java:295)
</pre></div></td>
</tr>
<tr>
<td title='com.github.srec.play.PlayerTest.testMethod()'><b>testMethod</b><br>Test class:Command line test</td>
<td>com.github.srec.play.PlayerTest@6c4fc156</td><td>2</td>
<td><div><pre>java.lang.AssertionError: expected:&lt;0&gt; but was:&lt;1&gt;
	at com.github.srec.testng.AbstractSRecTestNGTest.runTest(AbstractSRecTestNGTest.java:60)
	at com.github.srec.testng.AbstractSRecTestNGTest.runTest(AbstractSRecTestNGTest.java:95)
	at com.github.srec.play.PlayerTest.testMethod(PlayerTest.java:31)
	at org.apache.maven.surefire.testng.TestNGExecutor.run(TestNGExecutor.java:62)
	at org.apache.maven.surefire.testng.TestNGDirectoryTestSuite.execute(TestNGDirectoryTestSuite.java:141)
	at org.apache.maven.surefire.Surefire.run(Surefire.java:180)
	at org.apache.maven.surefire.booter.SurefireBooter.runSuitesInProcess(SurefireBooter.java:350)
	at org.apache.maven.surefire.booter.SurefireBooter.main(SurefireBooter.java:1021)
... Removed 29 stack frames</pre></div><a href='#' onClick='toggleBox("stack-trace796226745", this, "Click to show all stack frames", "Click to hide stack frames")'>Click to show all stack frames</a>
<div class='stack-trace' id='stack-trace796226745'><pre>java.lang.AssertionError: expected:&lt;0&gt; but was:&lt;1&gt;
	at org.testng.Assert.fail(Assert.java:87)
	at org.testng.Assert.failNotEquals(Assert.java:441)
	at org.testng.Assert.assertEquals(Assert.java:111)
	at org.testng.Assert.assertEquals(Assert.java:326)
	at org.testng.Assert.assertEquals(Assert.java:336)
	at com.github.srec.testng.AbstractSRecTestNGTest.runTest(AbstractSRecTestNGTest.java:60)
	at com.github.srec.testng.AbstractSRecTestNGTest.runTest(AbstractSRecTestNGTest.java:95)
	at com.github.srec.play.PlayerTest.testMethod(PlayerTest.java:31)
	at sun.reflect.NativeMethodAccessorImpl.invoke0(Native Method)
	at sun.reflect.NativeMethodAccessorImpl.invoke(NativeMethodAccessorImpl.java:39)
	at sun.reflect.DelegatingMethodAccessorImpl.invoke(DelegatingMethodAccessorImpl.java:25)
	at java.lang.reflect.Method.invoke(Method.java:597)
	at org.testng.internal.MethodHelper.invokeMethod(MethodHelper.java:644)
	at org.testng.internal.Invoker.invokeMethod(Invoker.java:546)
	at org.testng.internal.Invoker.invokeTestMethod(Invoker.java:700)
	at org.testng.internal.Invoker.invokeTestMethods(Invoker.java:1002)
	at org.testng.internal.TestMethodWorker.invokeTestMethods(TestMethodWorker.java:137)
	at org.testng.internal.TestMethodWorker.run(TestMethodWorker.java:121)
	at org.testng.TestRunner.runWorkers(TestRunner.java:909)
	at org.testng.TestRunner.privateRun(TestRunner.java:618)
	at org.testng.TestRunner.run(TestRunner.java:499)
	at org.testng.SuiteRunner.runTest(SuiteRunner.java:332)
	at org.testng.SuiteRunner.runSequentially(SuiteRunner.java:327)
	at org.testng.SuiteRunner.privateRun(SuiteRunner.java:299)
	at org.testng.SuiteRunner.run(SuiteRunner.java:204)
	at org.testng.TestNG.createAndRunSuiteRunners(TestNG.java:915)
	at org.testng.TestNG.runSuitesLocally(TestNG.java:879)
	at org.testng.TestNG.run(TestNG.java:787)
	at org.apache.maven.surefire.testng.TestNGExecutor.run(TestNGExecutor.java:62)
	at org.apache.maven.surefire.testng.TestNGDirectoryTestSuite.execute(TestNGDirectoryTestSuite.java:141)
	at org.apache.maven.surefire.Surefire.run(Surefire.java:180)
	at sun.reflect.NativeMethodAccessorImpl.invoke0(Native Method)
	at sun.reflect.NativeMethodAccessorImpl.invoke(NativeMethodAccessorImpl.java:39)
	at sun.reflect.DelegatingMethodAccessorImpl.invoke(DelegatingMethodAccessorImpl.java:25)
	at java.lang.reflect.Method.invoke(Method.java:597)
	at org.apache.maven.surefire.booter.SurefireBooter.runSuitesInProcess(SurefireBooter.java:350)
	at org.apache.maven.surefire.booter.SurefireBooter.main(SurefireBooter.java:1021)
</pre></div></td>
</tr>
<tr>
<td title='com.github.srec.play.PlayerTest.testMethodDeep()'><b>testMethodDeep</b><br>Test class:Command line test</td>
<td>com.github.srec.play.PlayerTest@6c4fc156</td><td>2</td>
<td><div><pre>java.lang.AssertionError: expected:&lt;0&gt; but was:&lt;1&gt;
	at com.github.srec.testng.AbstractSRecTestNGTest.runTest(AbstractSRecTestNGTest.java:60)
	at com.github.srec.testng.AbstractSRecTestNGTest.runTest(AbstractSRecTestNGTest.java:95)
	at com.github.srec.play.PlayerTest.testMethodDeep(PlayerTest.java:35)
	at org.apache.maven.surefire.testng.TestNGExecutor.run(TestNGExecutor.java:62)
	at org.apache.maven.surefire.testng.TestNGDirectoryTestSuite.execute(TestNGDirectoryTestSuite.java:141)
	at org.apache.maven.surefire.Surefire.run(Surefire.java:180)
	at org.apache.maven.surefire.booter.SurefireBooter.runSuitesInProcess(SurefireBooter.java:350)
	at org.apache.maven.surefire.booter.SurefireBooter.main(SurefireBooter.java:1021)
... Removed 29 stack frames</pre></div><a href='#' onClick='toggleBox("stack-trace538595391", this, "Click to show all stack frames", "Click to hide stack frames")'>Click to show all stack frames</a>
<div class='stack-trace' id='stack-trace538595391'><pre>java.lang.AssertionError: expected:&lt;0&gt; but was:&lt;1&gt;
	at org.testng.Assert.fail(Assert.java:87)
	at org.testng.Assert.failNotEquals(Assert.java:441)
	at org.testng.Assert.assertEquals(Assert.java:111)
	at org.testng.Assert.assertEquals(Assert.java:326)
	at org.testng.Assert.assertEquals(Assert.java:336)
	at com.github.srec.testng.AbstractSRecTestNGTest.runTest(AbstractSRecTestNGTest.java:60)
	at com.github.srec.testng.AbstractSRecTestNGTest.runTest(AbstractSRecTestNGTest.java:95)
	at com.github.srec.play.PlayerTest.testMethodDeep(PlayerTest.java:35)
	at sun.reflect.NativeMethodAccessorImpl.invoke0(Native Method)
	at sun.reflect.NativeMethodAccessorImpl.invoke(NativeMethodAccessorImpl.java:39)
	at sun.reflect.DelegatingMethodAccessorImpl.invoke(DelegatingMethodAccessorImpl.java:25)
	at java.lang.reflect.Method.invoke(Method.java:597)
	at org.testng.internal.MethodHelper.invokeMethod(MethodHelper.java:644)
	at org.testng.internal.Invoker.invokeMethod(Invoker.java:546)
	at org.testng.internal.Invoker.invokeTestMethod(Invoker.java:700)
	at org.testng.internal.Invoker.invokeTestMethods(Invoker.java:1002)
	at org.testng.internal.TestMethodWorker.invokeTestMethods(TestMethodWorker.java:137)
	at org.testng.internal.TestMethodWorker.run(TestMethodWorker.java:121)
	at org.testng.TestRunner.runWorkers(TestRunner.java:909)
	at org.testng.TestRunner.privateRun(TestRunner.java:618)
	at org.testng.TestRunner.run(TestRunner.java:499)
	at org.testng.SuiteRunner.runTest(SuiteRunner.java:332)
	at org.testng.SuiteRunner.runSequentially(SuiteRunner.java:327)
	at org.testng.SuiteRunner.privateRun(SuiteRunner.java:299)
	at org.testng.SuiteRunner.run(SuiteRunner.java:204)
	at org.testng.TestNG.createAndRunSuiteRunners(TestNG.java:915)
	at org.testng.TestNG.runSuitesLocally(TestNG.java:879)
	at org.testng.TestNG.run(TestNG.java:787)
	at org.apache.maven.surefire.testng.TestNGExecutor.run(TestNGExecutor.java:62)
	at org.apache.maven.surefire.testng.TestNGDirectoryTestSuite.execute(TestNGDirectoryTestSuite.java:141)
	at org.apache.maven.surefire.Surefire.run(Surefire.java:180)
	at sun.reflect.NativeMethodAccessorImpl.invoke0(Native Method)
	at sun.reflect.NativeMethodAccessorImpl.invoke(NativeMethodAccessorImpl.java:39)
	at sun.reflect.DelegatingMethodAccessorImpl.invoke(DelegatingMethodAccessorImpl.java:25)
	at java.lang.reflect.Method.invoke(Method.java:597)
	at org.apache.maven.surefire.booter.SurefireBooter.runSuitesInProcess(SurefireBooter.java:350)
	at org.apache.maven.surefire.booter.SurefireBooter.main(SurefireBooter.java:1021)
</pre></div></td>
</tr>
<tr>
<td title='com.github.srec.play.PlayerTest.testWhile()'><b>testWhile</b><br>Test class:Command line test</td>
<td>com.github.srec.play.PlayerTest@6c4fc156</td><td>8</td>
<td><div><pre>java.lang.AssertionError: expected:&lt;0&gt; but was:&lt;2&gt;
	at com.github.srec.testng.AbstractSRecTestNGTest.runTest(AbstractSRecTestNGTest.java:60)
	at com.github.srec.testng.AbstractSRecTestNGTest.runTest(AbstractSRecTestNGTest.java:95)
	at com.github.srec.play.PlayerTest.testWhile(PlayerTest.java:43)
	at org.apache.maven.surefire.testng.TestNGExecutor.run(TestNGExecutor.java:62)
	at org.apache.maven.surefire.testng.TestNGDirectoryTestSuite.execute(TestNGDirectoryTestSuite.java:141)
	at org.apache.maven.surefire.Surefire.run(Surefire.java:180)
	at org.apache.maven.surefire.booter.SurefireBooter.runSuitesInProcess(SurefireBooter.java:350)
	at org.apache.maven.surefire.booter.SurefireBooter.main(SurefireBooter.java:1021)
... Removed 29 stack frames</pre></div><a href='#' onClick='toggleBox("stack-trace292007154", this, "Click to show all stack frames", "Click to hide stack frames")'>Click to show all stack frames</a>
<div class='stack-trace' id='stack-trace292007154'><pre>java.lang.AssertionError: expected:&lt;0&gt; but was:&lt;2&gt;
	at org.testng.Assert.fail(Assert.java:87)
	at org.testng.Assert.failNotEquals(Assert.java:441)
	at org.testng.Assert.assertEquals(Assert.java:111)
	at org.testng.Assert.assertEquals(Assert.java:326)
	at org.testng.Assert.assertEquals(Assert.java:336)
	at com.github.srec.testng.AbstractSRecTestNGTest.runTest(AbstractSRecTestNGTest.java:60)
	at com.github.srec.testng.AbstractSRecTestNGTest.runTest(AbstractSRecTestNGTest.java:95)
	at com.github.srec.play.PlayerTest.testWhile(PlayerTest.java:43)
	at sun.reflect.NativeMethodAccessorImpl.invoke0(Native Method)
	at sun.reflect.NativeMethodAccessorImpl.invoke(NativeMethodAccessorImpl.java:39)
	at sun.reflect.DelegatingMethodAccessorImpl.invoke(DelegatingMethodAccessorImpl.java:25)
	at java.lang.reflect.Method.invoke(Method.java:597)
	at org.testng.internal.MethodHelper.invokeMethod(MethodHelper.java:644)
	at org.testng.internal.Invoker.invokeMethod(Invoker.java:546)
	at org.testng.internal.Invoker.invokeTestMethod(Invoker.java:700)
	at org.testng.internal.Invoker.invokeTestMethods(Invoker.java:1002)
	at org.testng.internal.TestMethodWorker.invokeTestMethods(TestMethodWorker.java:137)
	at org.testng.internal.TestMethodWorker.run(TestMethodWorker.java:121)
	at org.testng.TestRunner.runWorkers(TestRunner.java:909)
	at org.testng.TestRunner.privateRun(TestRunner.java:618)
	at org.testng.TestRunner.run(TestRunner.java:499)
	at org.testng.SuiteRunner.runTest(SuiteRunner.java:332)
	at org.testng.SuiteRunner.runSequentially(SuiteRunner.java:327)
	at org.testng.SuiteRunner.privateRun(SuiteRunner.java:299)
	at org.testng.SuiteRunner.run(SuiteRunner.java:204)
	at org.testng.TestNG.createAndRunSuiteRunners(TestNG.java:915)
	at org.testng.TestNG.runSuitesLocally(TestNG.java:879)
	at org.testng.TestNG.run(TestNG.java:787)
	at org.apache.maven.surefire.testng.TestNGExecutor.run(TestNGExecutor.java:62)
	at org.apache.maven.surefire.testng.TestNGDirectoryTestSuite.execute(TestNGDirectoryTestSuite.java:141)
	at org.apache.maven.surefire.Surefire.run(Surefire.java:180)
	at sun.reflect.NativeMethodAccessorImpl.invoke0(Native Method)
	at sun.reflect.NativeMethodAccessorImpl.invoke(NativeMethodAccessorImpl.java:39)
	at sun.reflect.DelegatingMethodAccessorImpl.invoke(DelegatingMethodAccessorImpl.java:25)
	at java.lang.reflect.Method.invoke(Method.java:597)
	at org.apache.maven.surefire.booter.SurefireBooter.runSuitesInProcess(SurefireBooter.java:350)
	at org.apache.maven.surefire.booter.SurefireBooter.main(SurefireBooter.java:1021)
</pre></div></td>
</tr>
</table><p>
<table width='100%' border='1' class='invocation-passed'>
<tr><td colspan='4' align='center'><b>PASSED TESTS</b></td></tr>
<tr><td><b>Test method</b></td>
<td><b>Instance</b></td>
<td width="10%"><b>Time (seconds)</b></td>
<td width="30%"><b>Exception</b></td>
</tr>
<tr>
<td title='com.github.srec.rec.SimpleXmlRecorderTest.test()'><b>test</b><br>Test class:Command line test</td>
<td>com.github.srec.rec.SimpleXmlRecorderTest@2d8b4ccb</td><td>0</td>
<td></td>
</tr>
<tr>
<td title='com.github.srec.play.PlayerTest.testCall()'><b>testCall</b><br>Test class:Command line test</td>
<td>com.github.srec.play.PlayerTest@6c4fc156</td><td>8</td>
<td></td>
</tr>
<tr>
<td title='com.github.srec.command.parser.xml.XmlParserTest.testForm()'><b>testForm</b><br>Test class:Command line test</td>
<td>com.github.srec.command.parser.xml.XmlParserTest@7a187814</td><td>0</td>
<td></td>
</tr>
<tr>
<td title='com.github.srec.command.parser.xml.XmlParserTest.testMethod()'><b>testMethod</b><br>Test class:Command line test</td>
<td>com.github.srec.command.parser.xml.XmlParserTest@7a187814</td><td>0</td>
<td></td>
</tr>
</table><p>
</body>
</html>