<?xml version="1.0" encoding="UTF-8" ?>
<testsuite failures="6" time="91.071" errors="0" skipped="0" tests="10" name="TestSuite">
  <properties>
    <property name="java.runtime.name" value="Java(TM) SE Runtime Environment"/>
    <property name="sun.boot.library.path" value="/usr/lib/jvm/java-6-sun-1.6.0.20/jre/lib/amd64"/>
    <property name="java.vm.version" value="16.3-b01"/>
    <property name="java.vm.vendor" value="Sun Microsystems Inc."/>
    <property name="java.vendor.url" value="http://java.sun.com/"/>
    <property name="path.separator" value=":"/>
    <property name="java.vm.name" value="Java HotSpot(TM) 64-Bit Server VM"/>
    <property name="file.encoding.pkg" value="sun.io"/>
    <property name="user.country" value="US"/>
    <property name="sun.java.launcher" value="SUN_STANDARD"/>
    <property name="sun.os.patch.level" value="unknown"/>
    <property name="java.vm.specification.name" value="Java Virtual Machine Specification"/>
    <property name="user.dir" value="/home/aristides/work-gsx/srec/core"/>
    <property name="java.runtime.version" value="1.6.0_20-b02"/>
    <property name="java.awt.graphicsenv" value="sun.awt.X11GraphicsEnvironment"/>
    <property name="basedir" value="/home/aristides/work-gsx/srec/core"/>
    <property name="java.endorsed.dirs" value="/usr/lib/jvm/java-6-sun-1.6.0.20/jre/lib/endorsed"/>
    <property name="os.arch" value="amd64"/>
    <property name="surefire.real.class.path" value="/tmp/surefirebooter7299157851346159798.jar"/>
    <property name="java.io.tmpdir" value="/tmp"/>
    <property name="line.separator" value="
"/>
    <property name="java.vm.specification.vendor" value="Sun Microsystems Inc."/>
    <property name="os.name" value="Linux"/>
    <property name="sun.jnu.encoding" value="UTF-8"/>
    <property name="java.library.path" value="/usr/lib/jvm/java-6-sun-1.6.0.20/jre/lib/amd64/server:/usr/lib/jvm/java-6-sun-1.6.0.20/jre/lib/amd64:/usr/lib/jvm/java-6-sun-1.6.0.20/jre/../lib/amd64:/usr/java/packages/lib/amd64:/usr/lib64:/lib64:/lib:/usr/lib"/>
    <property name="surefire.test.class.path" value="/home/aristides/work-gsx/srec/core/target/test-classes:/home/aristides/work-gsx/srec/core/target/classes:/home/aristides/.m2/repository/net/java/dev/jemmy/2.3/jemmy-2.3.jar:/home/aristides/.m2/repository/commons-lang/commons-lang/2.4/commons-lang-2.4.jar:/home/aristides/.m2/repository/log4j/log4j/1.2.15/log4j-1.2.15.jar:/home/aristides/.m2/repository/com/intellij/forms_rt/9.0.1/forms_rt-9.0.1.jar:/home/aristides/.m2/repository/org/testng/testng/5.11/testng-5.11-jdk15.jar:/home/aristides/.m2/repository/org/antlr/antlr/3.2/antlr-3.2.jar:/home/aristides/.m2/repository/org/antlr/antlr-runtime/3.2/antlr-runtime-3.2.jar:/home/aristides/.m2/repository/org/antlr/stringtemplate/3.2.1/stringtemplate-3.2.1.jar:/home/aristides/.m2/repository/antlr/antlr/2.7.6/antlr-2.7.6.jar:/home/aristides/.m2/repository/org/antlr/gunit/3.2/gunit-3.2.jar:/home/aristides/.m2/repository/junit/junit/4.5/junit-4.5.jar:/home/aristides/.m2/repository/org/fife/rsyntaxtextarea/1.4.1/rsyntaxtextarea-1.4.1.jar:/home/aristides/.m2/repository/commons-io/commons-io/1.4/commons-io-1.4.jar:/home/aristides/.m2/repository/org/codehaus/groovy/groovy/1.5.7/groovy-1.5.7.jar:/home/aristides/.m2/repository/asm/asm/2.2/asm-2.2.jar:/home/aristides/.m2/repository/org/apache/ant/ant/1.7.0/ant-1.7.0.jar:/home/aristides/.m2/repository/org/apache/ant/ant-launcher/1.7.0/ant-launcher-1.7.0.jar:/home/aristides/.m2/repository/asm/asm-util/2.2/asm-util-2.2.jar:/home/aristides/.m2/repository/asm/asm-analysis/2.2/asm-analysis-2.2.jar:/home/aristides/.m2/repository/asm/asm-tree/2.2/asm-tree-2.2.jar:/home/aristides/.m2/repository/jline/jline/0.9.94/jline-0.9.94.jar:/home/aristides/.m2/repository/xom/xom/1.2.5/xom-1.2.5.jar:/home/aristides/.m2/repository/xml-apis/xml-apis/1.3.03/xml-apis-1.3.03.jar:/home/aristides/.m2/repository/xerces/xercesImpl/2.8.0/xercesImpl-2.8.0.jar:/home/aristides/.m2/repository/xalan/xalan/2.7.0/xalan-2.7.0.jar:"/>
    <property name="java.specification.name" value="Java Platform API Specification"/>
    <property name="java.class.version" value="50.0"/>
    <property name="sun.management.compiler" value="HotSpot 64-Bit Server Compiler"/>
    <property name="os.version" value="2.6.32-24-generic"/>
    <property name="user.home" value="/home/aristides"/>
    <property name="user.timezone" value="America/Sao_Paulo"/>
    <property name="java.awt.printerjob" value="sun.print.PSPrinterJob"/>
    <property name="file.encoding" value="UTF-8"/>
    <property name="java.specification.version" value="1.6"/>
    <property name="user.name" value="aristides"/>
    <property name="java.class.path" value="/home/aristides/work-gsx/srec/core/target/test-classes:/home/aristides/work-gsx/srec/core/target/classes:/home/aristides/.m2/repository/net/java/dev/jemmy/2.3/jemmy-2.3.jar:/home/aristides/.m2/repository/commons-lang/commons-lang/2.4/commons-lang-2.4.jar:/home/aristides/.m2/repository/log4j/log4j/1.2.15/log4j-1.2.15.jar:/home/aristides/.m2/repository/com/intellij/forms_rt/9.0.1/forms_rt-9.0.1.jar:/home/aristides/.m2/repository/org/testng/testng/5.11/testng-5.11-jdk15.jar:/home/aristides/.m2/repository/org/antlr/antlr/3.2/antlr-3.2.jar:/home/aristides/.m2/repository/org/antlr/antlr-runtime/3.2/antlr-runtime-3.2.jar:/home/aristides/.m2/repository/org/antlr/stringtemplate/3.2.1/stringtemplate-3.2.1.jar:/home/aristides/.m2/repository/antlr/antlr/2.7.6/antlr-2.7.6.jar:/home/aristides/.m2/repository/org/antlr/gunit/3.2/gunit-3.2.jar:/home/aristides/.m2/repository/junit/junit/4.5/junit-4.5.jar:/home/aristides/.m2/repository/org/fife/rsyntaxtextarea/1.4.1/rsyntaxtextarea-1.4.1.jar:/home/aristides/.m2/repository/commons-io/commons-io/1.4/commons-io-1.4.jar:/home/aristides/.m2/repository/org/codehaus/groovy/groovy/1.5.7/groovy-1.5.7.jar:/home/aristides/.m2/repository/asm/asm/2.2/asm-2.2.jar:/home/aristides/.m2/repository/org/apache/ant/ant/1.7.0/ant-1.7.0.jar:/home/aristides/.m2/repository/org/apache/ant/ant-launcher/1.7.0/ant-launcher-1.7.0.jar:/home/aristides/.m2/repository/asm/asm-util/2.2/asm-util-2.2.jar:/home/aristides/.m2/repository/asm/asm-analysis/2.2/asm-analysis-2.2.jar:/home/aristides/.m2/repository/asm/asm-tree/2.2/asm-tree-2.2.jar:/home/aristides/.m2/repository/jline/jline/0.9.94/jline-0.9.94.jar:/home/aristides/.m2/repository/xom/xom/1.2.5/xom-1.2.5.jar:/home/aristides/.m2/repository/xml-apis/xml-apis/1.3.03/xml-apis-1.3.03.jar:/home/aristides/.m2/repository/xerces/xercesImpl/2.8.0/xercesImpl-2.8.0.jar:/home/aristides/.m2/repository/xalan/xalan/2.7.0/xalan-2.7.0.jar:"/>
    <property name="java.vm.specification.version" value="1.0"/>
    <property name="sun.arch.data.model" value="64"/>
    <property name="java.home" value="/usr/lib/jvm/java-6-sun-1.6.0.20/jre"/>
    <property name="java.specification.vendor" value="Sun Microsystems Inc."/>
    <property name="user.language" value="en"/>
    <property name="java.vm.info" value="mixed mode"/>
    <property name="java.version" value="1.6.0_20"/>
    <property name="java.ext.dirs" value="/usr/lib/jvm/java-6-sun-1.6.0.20/jre/lib/ext:/usr/java/packages/lib/ext"/>
    <property name="sun.boot.class.path" value="/usr/lib/jvm/java-6-sun-1.6.0.20/jre/lib/resources.jar:/usr/lib/jvm/java-6-sun-1.6.0.20/jre/lib/rt.jar:/usr/lib/jvm/java-6-sun-1.6.0.20/jre/lib/sunrsasign.jar:/usr/lib/jvm/java-6-sun-1.6.0.20/jre/lib/jsse.jar:/usr/lib/jvm/java-6-sun-1.6.0.20/jre/lib/jce.jar:/usr/lib/jvm/java-6-sun-1.6.0.20/jre/lib/charsets.jar:/usr/lib/jvm/java-6-sun-1.6.0.20/jre/classes"/>
    <property name="java.vendor" value="Sun Microsystems Inc."/>
    <property name="localRepository" value="/home/aristides/.m2/repository"/>
    <property name="file.separator" value="/"/>
    <property name="java.vendor.url.bug" value="http://java.sun.com/cgi-bin/bugreport.cgi"/>
    <property name="sun.cpu.endian" value="little"/>
    <property name="sun.io.unicode.encoding" value="UnicodeLittle"/>
    <property name="com.github.srec.commandInterval" value="2000"/>
    <property name="sun.desktop" value="gnome"/>
    <property name="sun.cpu.isalist" value=""/>
  </properties>
  <testcase time="0.157" classname="com.github.srec.command.parser.xml.XmlParserTest" name="testForm"/>
  <testcase time="0.01" classname="com.github.srec.command.parser.xml.XmlParserTest" name="testMethod"/>
  <testcase time="15.911" classname="com.github.srec.play.PlayerTest" name="test">
    <failure message="expected:&lt;0&gt; but was:&lt;1&gt;" type="java.lang.AssertionError">java.lang.AssertionError: expected:&lt;0&gt; but was:&lt;1&gt;
	at org.testng.Assert.fail(Assert.java:87)
	at org.testng.Assert.failNotEquals(Assert.java:441)
	at org.testng.Assert.assertEquals(Assert.java:111)
	at org.testng.Assert.assertEquals(Assert.java:326)
	at org.testng.Assert.assertEquals(Assert.java:336)
	at com.github.srec.testng.AbstractSRecTestNGTest.runTest(AbstractSRecTestNGTest.java:60)
	at com.github.srec.testng.AbstractSRecTestNGTest.runTest(AbstractSRecTestNGTest.java:95)
	at com.github.srec.play.PlayerTest.test(PlayerTest.java:19)
</failure>
    <system-out>Using org.netbeans.jemmy.drivers.DefaultDriverInstaller driver installer
</system-out>
    <system-err>Error on line 27:
&lt;[&apos;http://github.com/srec&apos;]::type_special locator=&apos;initialValueTF&apos; text=&apos;Tab&apos;&gt;
Script error on test suite &apos;test_form&apos;, test case &apos;1&apos;, at file &apos;/home/aristides/work-gsx/srec/core/src/test/resources/test_form.xml&apos;, line 27, column 60, text &apos;&lt;[&apos;http://github.com/srec&apos;]::type_special locator=&apos;initialValueTF&apos; text=&apos;Tab&apos;&gt;&apos;, message:
com.github.srec.jemmy.JemmyDSLException: Cannot find a currently active window
</system-err>
  </testcase>
  <testcase time="8.615" classname="com.github.srec.play.PlayerTest" name="testCall"/>
  <testcase time="48.672" classname="com.github.srec.play.PlayerTest" name="testError">
    <failure message="expected:&lt;19&gt; but was:&lt;18&gt;" type="java.lang.AssertionError">java.lang.AssertionError: expected:&lt;19&gt; but was:&lt;18&gt;
	at org.testng.Assert.fail(Assert.java:87)
	at org.testng.Assert.failNotEquals(Assert.java:441)
	at org.testng.Assert.assertEquals(Assert.java:111)
	at org.testng.Assert.assertEquals(Assert.java:326)
	at org.testng.Assert.assertEquals(Assert.java:336)
	at com.github.srec.play.PlayerTest.testError(PlayerTest.java:26)
</failure>
    <system-err>Error on line 18:
&lt;[&apos;http://github.com/srec&apos;]::select locator=&apos;calculationCB&apos; item=&apos;Future Value&apos;&gt;
Error on line 27:
&lt;[&apos;http://github.com/srec&apos;]::assert locator=&apos;initialValueTF&apos; text=&apos;10&apos;&gt;
Script error on test suite &apos;test_form_error&apos;, test case &apos;1&apos;, at file &apos;/home/aristides/work-gsx/srec/core/src/test/resources/test_form_error.xml&apos;, line 18, column 62, text &apos;&lt;[&apos;http://github.com/srec&apos;]::select locator=&apos;calculationCB&apos; item=&apos;Future Value&apos;&gt;&apos;, message:
org.netbeans.jemmy.TimeoutExpiredException: Wait popup expanded (JComboBoxOperator.WaitListTimeout)
Script error on test suite &apos;test_form_error&apos;, test case &apos;2&apos;, at file &apos;/home/aristides/work-gsx/srec/core/src/test/resources/test_form_error.xml&apos;, line 27, column 53, text &apos;&lt;[&apos;http://github.com/srec&apos;]::assert locator=&apos;initialValueTF&apos; text=&apos;10&apos;&gt;&apos;, message:
org.netbeans.jemmy.TimeoutExpiredException: Wait &quot;JTextComponent with text &quot;10&quot;&quot; state to be reached (ComponentOperator.WaitStateTimeout)
Script error on test suite &apos;test_form_error&apos;, test case &apos;1&apos;, at file &apos;/home/aristides/work-gsx/srec/core/src/test/resources/test_form_error.xml&apos;, line 18, column 62, text &apos;&lt;[&apos;http://github.com/srec&apos;]::select locator=&apos;calculationCB&apos; item=&apos;Future Value&apos;&gt;&apos;, message:
org.netbeans.jemmy.TimeoutExpiredException: Wait popup expanded (JComboBoxOperator.WaitListTimeout)
Script error on test suite &apos;test_form_error&apos;, test case &apos;2&apos;, at file &apos;/home/aristides/work-gsx/srec/core/src/test/resources/test_form_error.xml&apos;, line 27, column 53, text &apos;&lt;[&apos;http://github.com/srec&apos;]::assert locator=&apos;initialValueTF&apos; text=&apos;10&apos;&gt;&apos;, message:
org.netbeans.jemmy.TimeoutExpiredException: Wait &quot;JTextComponent with text &quot;10&quot;&quot; state to be reached (ComponentOperator.WaitStateTimeout)
</system-err>
  </testcase>
  <testcase time="4.22" classname="com.github.srec.play.PlayerTest" name="testIf">
    <failure message="org.netbeans.jemmy.JemmyException: Exception in Mouse click to get focus" type="com.github.srec.UnsupportedFeatureException">com.github.srec.UnsupportedFeatureException: org.netbeans.jemmy.JemmyException: Exception in Mouse click to get focus
	at com.github.srec.command.jemmy.JemmyEventCommand.internalCallMethod(JemmyEventCommand.java:32)
	at com.github.srec.command.method.MethodCommand.callMethod(MethodCommand.java:80)
	at com.github.srec.command.method.MethodCallCommand.getValue(MethodCallCommand.java:35)
	at com.github.srec.command.method.MethodCallCommand.run(MethodCallCommand.java:27)
	at com.github.srec.command.base.IfCommand.run(IfCommand.java:52)
	at com.github.srec.play.Player.play(Player.java:156)
	at com.github.srec.command.method.MethodScriptCommand.internalCallMethod(MethodScriptCommand.java:52)
	at com.github.srec.command.method.MethodCommand.callMethod(MethodCommand.java:80)
	at com.github.srec.command.method.MethodCallCommand.getValue(MethodCallCommand.java:35)
	at com.github.srec.command.method.MethodCallCommand.run(MethodCallCommand.java:27)
	at com.github.srec.command.base.IfCommand.run(IfCommand.java:52)
	at com.github.srec.play.Player.play(Player.java:156)
	at com.github.srec.play.Player.play(Player.java:145)
	at com.github.srec.play.Player.play(Player.java:119)
	at com.github.srec.play.Player.play(Player.java:85)
	at com.github.srec.testng.AbstractSRecTestNGTest.runTest(AbstractSRecTestNGTest.java:55)
	at com.github.srec.testng.AbstractSRecTestNGTest.runTest(AbstractSRecTestNGTest.java:95)
	at com.github.srec.play.PlayerTest.testIf(PlayerTest.java:39)
Caused by: org.netbeans.jemmy.JemmyException: Exception in Mouse click to get focus
	at org.netbeans.jemmy.QueueTool.invokeAndWait(QueueTool.java:428)
	at org.netbeans.jemmy.QueueTool.invokeSmoothly(QueueTool.java:358)
	at org.netbeans.jemmy.drivers.focus.MouseFocusDriver.giveFocus(MouseFocusDriver.java:74)
	at org.netbeans.jemmy.drivers.text.TextKeyboardDriver.changeCaretPosition(TextKeyboardDriver.java:75)
	at org.netbeans.jemmy.drivers.text.TextKeyboardDriver.typeText(TextKeyboardDriver.java:101)
	at org.netbeans.jemmy.operators.JTextComponentOperator$4.launch(JTextComponentOperator.java:532)
	at org.netbeans.jemmy.ActionProducer.launchAction(ActionProducer.java:336)
	at org.netbeans.jemmy.ActionProducer.run(ActionProducer.java:295)
</failure>
  </testcase>
  <testcase time="2.122" classname="com.github.srec.play.PlayerTest" name="testMethod">
    <failure message="expected:&lt;0&gt; but was:&lt;1&gt;" type="java.lang.AssertionError">java.lang.AssertionError: expected:&lt;0&gt; but was:&lt;1&gt;
	at org.testng.Assert.fail(Assert.java:87)
	at org.testng.Assert.failNotEquals(Assert.java:441)
	at org.testng.Assert.assertEquals(Assert.java:111)
	at org.testng.Assert.assertEquals(Assert.java:326)
	at org.testng.Assert.assertEquals(Assert.java:336)
	at com.github.srec.testng.AbstractSRecTestNGTest.runTest(AbstractSRecTestNGTest.java:60)
	at com.github.srec.testng.AbstractSRecTestNGTest.runTest(AbstractSRecTestNGTest.java:95)
	at com.github.srec.play.PlayerTest.testMethod(PlayerTest.java:31)
</failure>
    <system-err>Error on line 26:
&lt;[&apos;http://github.com/srec&apos;]::select locator=&apos;calculationCB&apos; item=&apos;Future Value&apos;&gt;
Script error on test suite &apos;test_form&apos;, test case &apos;1&apos;, at file &apos;/home/aristides/work-gsx/srec/core/src/test/resources/test_form_method_call.xml&apos;, line 26, column 62, text &apos;&lt;[&apos;http://github.com/srec&apos;]::select locator=&apos;calculationCB&apos; item=&apos;Future Value&apos;&gt;&apos;, message:
com.github.srec.jemmy.JemmyDSLException: Cannot find a currently active window
</system-err>
  </testcase>
  <testcase time="2.252" classname="com.github.srec.play.PlayerTest" name="testMethodDeep">
    <failure message="expected:&lt;0&gt; but was:&lt;1&gt;" type="java.lang.AssertionError">java.lang.AssertionError: expected:&lt;0&gt; but was:&lt;1&gt;
	at org.testng.Assert.fail(Assert.java:87)
	at org.testng.Assert.failNotEquals(Assert.java:441)
	at org.testng.Assert.assertEquals(Assert.java:111)
	at org.testng.Assert.assertEquals(Assert.java:326)
	at org.testng.Assert.assertEquals(Assert.java:336)
	at com.github.srec.testng.AbstractSRecTestNGTest.runTest(AbstractSRecTestNGTest.java:60)
	at com.github.srec.testng.AbstractSRecTestNGTest.runTest(AbstractSRecTestNGTest.java:95)
	at com.github.srec.play.PlayerTest.testMethodDeep(PlayerTest.java:35)
</failure>
    <system-err>Error on line 19:
&lt;[&apos;http://github.com/srec&apos;]::select locator=&apos;calculationCB&apos; item=&apos;Future Value&apos;&gt;
Script error on test suite &apos;test_form_method_deep&apos;, test case &apos;1&apos;, at file &apos;/home/aristides/work-gsx/srec/core/src/test/resources/test_form_method_deep.xml&apos;, line 19, column 62, text &apos;&lt;[&apos;http://github.com/srec&apos;]::select locator=&apos;calculationCB&apos; item=&apos;Future Value&apos;&gt;&apos;, message:
com.github.srec.jemmy.JemmyDSLException: Cannot find a currently active window
</system-err>
  </testcase>
  <testcase time="8.211" classname="com.github.srec.play.PlayerTest" name="testWhile">
    <failure message="expected:&lt;0&gt; but was:&lt;2&gt;" type="java.lang.AssertionError">java.lang.AssertionError: expected:&lt;0&gt; but was:&lt;2&gt;
	at org.testng.Assert.fail(Assert.java:87)
	at org.testng.Assert.failNotEquals(Assert.java:441)
	at org.testng.Assert.assertEquals(Assert.java:111)
	at org.testng.Assert.assertEquals(Assert.java:326)
	at org.testng.Assert.assertEquals(Assert.java:336)
	at com.github.srec.testng.AbstractSRecTestNGTest.runTest(AbstractSRecTestNGTest.java:60)
	at com.github.srec.testng.AbstractSRecTestNGTest.runTest(AbstractSRecTestNGTest.java:95)
	at com.github.srec.play.PlayerTest.testWhile(PlayerTest.java:43)
</failure>
    <system-err>Error on line 20:
&lt;[&apos;http://github.com/srec&apos;]::while expression=&apos;k &lt; times&apos;&gt;
Error on line 37:
&lt;[&apos;http://github.com/srec&apos;]::assert locator=&apos;initialValueTF&apos; text=&apos;99999&apos;&gt;
Script error on test suite &apos;while_suite&apos;, test case &apos;while_test_case&apos;, at file &apos;/home/aristides/work-gsx/srec/core/src/test/resources/while.xml&apos;, line 20, column 42, text &apos;&lt;[&apos;http://github.com/srec&apos;]::while expression=&apos;k &lt; times&apos;&gt;&apos;, message:
com.github.srec.jemmy.JemmyDSLException: Cannot find a currently active window
Script error on test suite &apos;while_suite&apos;, test case &apos;while_test_case&apos;, at file &apos;/home/aristides/work-gsx/srec/core/src/test/resources/while.xml&apos;, line 37, column 56, text &apos;&lt;[&apos;http://github.com/srec&apos;]::assert locator=&apos;initialValueTF&apos; text=&apos;99999&apos;&gt;&apos;, message:
com.github.srec.jemmy.JemmyDSLException: Cannot find a currently active window
</system-err>
  </testcase>
  <testcase time="0.536" classname="com.github.srec.rec.SimpleXmlRecorderTest" name="test"/>
</testsuite>